{"/workspaces/ts-exercise/api/src/app.ts": {"path":"/workspaces/ts-exercise/api/src/app.ts","statementMap":{"0":{"start":{"line":1,"column":0},"end":{"line":1,"column":46}},"1":{"start":{"line":2,"column":0},"end":{"line":2,"column":29}},"2":{"start":{"line":3,"column":0},"end":{"line":3,"column":28}},"3":{"start":{"line":4,"column":0},"end":{"line":4,"column":64}},"4":{"start":{"line":5,"column":0},"end":{"line":5,"column":58}},"5":{"start":{"line":6,"column":0},"end":{"line":6,"column":41}},"6":{"start":{"line":8,"column":0},"end":{"line":8,"column":31}},"7":{"start":{"line":10,"column":12},"end":{"line":34,"column":1}},"8":{"start":{"line":11,"column":15},"end":{"line":11,"column":55}},"9":{"start":{"line":12,"column":27},"end":{"line":12,"column":48}},"10":{"start":{"line":13,"column":30},"end":{"line":13,"column":54}},"11":{"start":{"line":15,"column":2},"end":{"line":15,"column":29}},"12":{"start":{"line":16,"column":2},"end":{"line":16,"column":32}},"13":{"start":{"line":17,"column":2},"end":{"line":17,"column":19}},"14":{"start":{"line":18,"column":2},"end":{"line":18,"column":19}},"15":{"start":{"line":19,"column":2},"end":{"line":19,"column":53}},"16":{"start":{"line":21,"column":2},"end":{"line":25,"column":5}},"17":{"start":{"line":22,"column":4},"end":{"line":22,"column":19}},"18":{"start":{"line":23,"column":4},"end":{"line":23,"column":17}},"19":{"start":{"line":24,"column":4},"end":{"line":24,"column":15}},"20":{"start":{"line":27,"column":2},"end":{"line":27,"column":30}},"21":{"start":{"line":29,"column":2},"end":{"line":31,"column":5}},"22":{"start":{"line":30,"column":4},"end":{"line":30,"column":70}},"23":{"start":{"line":33,"column":2},"end":{"line":33,"column":14}},"24":{"start":{"line":36,"column":0},"end":{"line":36,"column":19}}},"fnMap":{"0":{"name":"(anonymous_1)","decl":{"start":{"line":10,"column":12},"end":{"line":10,"column":17}},"loc":{"start":{"line":10,"column":59},"end":{"line":34,"column":1}}},"1":{"name":"(anonymous_2)","decl":{"start":{"line":21,"column":11},"end":{"line":21,"column":16}},"loc":{"start":{"line":21,"column":54},"end":{"line":25,"column":3}}},"2":{"name":"(anonymous_3)","decl":{"start":{"line":29,"column":20},"end":{"line":29,"column":23}},"loc":{"start":{"line":29,"column":25},"end":{"line":31,"column":3}}}},"branchMap":{},"s":{"0":0,"1":0,"2":0,"3":0,"4":0,"5":0,"6":0,"7":0,"8":0,"9":0,"10":0,"11":0,"12":0,"13":0,"14":0,"15":0,"16":0,"17":0,"18":0,"19":0,"20":0,"21":0,"22":0,"23":0,"24":0},"f":{"0":0,"1":0,"2":0},"b":{}}
,"/workspaces/ts-exercise/api/src/index.ts": {"path":"/workspaces/ts-exercise/api/src/index.ts","statementMap":{"0":{"start":{"line":1,"column":0},"end":{"line":1,"column":24}},"1":{"start":{"line":3,"column":13},"end":{"line":3,"column":55}},"2":{"start":{"line":5,"column":0},"end":{"line":7,"column":5}},"3":{"start":{"line":6,"column":2},"end":{"line":6,"column":22}}},"fnMap":{"0":{"name":"(anonymous_1)","decl":{"start":{"line":5,"column":1},"end":{"line":5,"column":6}},"loc":{"start":{"line":5,"column":12},"end":{"line":7,"column":1}}}},"branchMap":{"0":{"loc":{"start":{"line":3,"column":13},"end":{"line":3,"column":55}},"type":"cond-expr","locations":[{"start":{"line":3,"column":32},"end":{"line":3,"column":48}},{"start":{"line":3,"column":51},"end":{"line":3,"column":55}}]}},"s":{"0":0,"1":0,"2":0,"3":0},"f":{"0":0},"b":{"0":[0,0]}}
,"/workspaces/ts-exercise/api/src/controllers/status.ts": {"path":"/workspaces/ts-exercise/api/src/controllers/status.ts","statementMap":{"0":{"start":{"line":3,"column":25},"end":{"line":12,"column":1}},"1":{"start":{"line":4,"column":17},"end":{"line":7,"column":3}},"2":{"start":{"line":5,"column":4},"end":{"line":5,"column":46}},"3":{"start":{"line":6,"column":4},"end":{"line":6,"column":11}},"4":{"start":{"line":9,"column":2},"end":{"line":11,"column":4}},"5":{"start":{"line":14,"column":0},"end":{"line":14,"column":32}}},"fnMap":{"0":{"name":"(anonymous_0)","decl":{"start":{"line":3,"column":25},"end":{"line":3,"column":28}},"loc":{"start":{"line":3,"column":30},"end":{"line":12,"column":1}}},"1":{"name":"(anonymous_1)","decl":{"start":{"line":4,"column":17},"end":{"line":4,"column":18}},"loc":{"start":{"line":4,"column":48},"end":{"line":7,"column":3}}}},"branchMap":{},"s":{"0":0,"1":0,"2":0,"3":0,"4":0,"5":0},"f":{"0":0,"1":0},"b":{}}
,"/workspaces/ts-exercise/api/src/controllers/themes.ts": {"path":"/workspaces/ts-exercise/api/src/controllers/themes.ts","statementMap":{"0":{"start":{"line":4,"column":25},"end":{"line":53,"column":1}},"1":{"start":{"line":5,"column":23},"end":{"line":19,"column":3}},"2":{"start":{"line":6,"column":31},"end":{"line":16,"column":6}},"3":{"start":{"line":17,"column":4},"end":{"line":17,"column":20}},"4":{"start":{"line":18,"column":4},"end":{"line":18,"column":21}},"5":{"start":{"line":21,"column":19},"end":{"line":33,"column":3}},"6":{"start":{"line":22,"column":29},"end":{"line":30,"column":6}},"7":{"start":{"line":31,"column":4},"end":{"line":31,"column":20}},"8":{"start":{"line":32,"column":4},"end":{"line":32,"column":21}},"9":{"start":{"line":35,"column":20},"end":{"line":37,"column":3}},"10":{"start":{"line":36,"column":4},"end":{"line":36,"column":39}},"11":{"start":{"line":39,"column":22},"end":{"line":41,"column":3}},"12":{"start":{"line":40,"column":4},"end":{"line":40,"column":39}},"13":{"start":{"line":43,"column":22},"end":{"line":45,"column":3}},"14":{"start":{"line":44,"column":4},"end":{"line":44,"column":39}},"15":{"start":{"line":46,"column":2},"end":{"line":52,"column":4}},"16":{"start":{"line":55,"column":0},"end":{"line":55,"column":32}}},"fnMap":{"0":{"name":"(anonymous_0)","decl":{"start":{"line":4,"column":25},"end":{"line":4,"column":28}},"loc":{"start":{"line":4,"column":30},"end":{"line":53,"column":1}}},"1":{"name":"(anonymous_1)","decl":{"start":{"line":5,"column":23},"end":{"line":5,"column":28}},"loc":{"start":{"line":5,"column":69},"end":{"line":19,"column":3}}},"2":{"name":"(anonymous_2)","decl":{"start":{"line":21,"column":19},"end":{"line":21,"column":24}},"loc":{"start":{"line":21,"column":65},"end":{"line":33,"column":3}}},"3":{"name":"(anonymous_3)","decl":{"start":{"line":35,"column":20},"end":{"line":35,"column":25}},"loc":{"start":{"line":35,"column":66},"end":{"line":37,"column":3}}},"4":{"name":"(anonymous_4)","decl":{"start":{"line":39,"column":22},"end":{"line":39,"column":27}},"loc":{"start":{"line":39,"column":68},"end":{"line":41,"column":3}}},"5":{"name":"(anonymous_5)","decl":{"start":{"line":43,"column":22},"end":{"line":43,"column":27}},"loc":{"start":{"line":43,"column":68},"end":{"line":45,"column":3}}}},"branchMap":{},"s":{"0":1,"1":2,"2":1,"3":1,"4":1,"5":2,"6":1,"7":1,"8":1,"9":2,"10":0,"11":2,"12":0,"13":2,"14":0,"15":2,"16":1},"f":{"0":2,"1":1,"2":1,"3":0,"4":0,"5":0},"b":{}}
,"/workspaces/ts-exercise/api/src/middleware/exception.ts": {"path":"/workspaces/ts-exercise/api/src/middleware/exception.ts","statementMap":{"0":{"start":{"line":11,"column":30},"end":{"line":32,"column":1}},"1":{"start":{"line":12,"column":2},"end":{"line":31,"column":3}},"2":{"start":{"line":13,"column":4},"end":{"line":13,"column":17}},"3":{"start":{"line":16,"column":4},"end":{"line":29,"column":5}},"4":{"start":{"line":17,"column":6},"end":{"line":17,"column":32}},"5":{"start":{"line":18,"column":6},"end":{"line":18,"column":23}},"6":{"start":{"line":19,"column":32},"end":{"line":19,"column":49}},"7":{"start":{"line":20,"column":6},"end":{"line":23,"column":8}},"8":{"start":{"line":26,"column":22},"end":{"line":26,"column":45}},"9":{"start":{"line":27,"column":6},"end":{"line":27,"column":23}},"10":{"start":{"line":28,"column":6},"end":{"line":28,"column":25}},"11":{"start":{"line":30,"column":4},"end":{"line":30,"column":36}},"12":{"start":{"line":34,"column":38},"end":{"line":34,"column":65}},"13":{"start":{"line":34,"column":44},"end":{"line":34,"column":65}},"14":{"start":{"line":34,"column":13},"end":{"line":34,"column":38}}},"fnMap":{"0":{"name":"(anonymous_0)","decl":{"start":{"line":11,"column":30},"end":{"line":11,"column":35}},"loc":{"start":{"line":11,"column":88},"end":{"line":32,"column":1}}},"1":{"name":"(anonymous_1)","decl":{"start":{"line":34,"column":38},"end":{"line":34,"column":41}},"loc":{"start":{"line":34,"column":44},"end":{"line":34,"column":65}}}},"branchMap":{"0":{"loc":{"start":{"line":16,"column":4},"end":{"line":29,"column":5}},"type":"if","locations":[{"start":{"line":16,"column":4},"end":{"line":29,"column":5}},{"start":{"line":24,"column":11},"end":{"line":29,"column":5}}]},"1":{"loc":{"start":{"line":16,"column":8},"end":{"line":16,"column":80}},"type":"binary-expr","locations":[{"start":{"line":16,"column":8},"end":{"line":16,"column":28}},{"start":{"line":16,"column":33},"end":{"line":16,"column":80}}]},"2":{"loc":{"start":{"line":22,"column":35},"end":{"line":22,"column":91}},"type":"binary-expr","locations":[{"start":{"line":22,"column":35},"end":{"line":22,"column":76}},{"start":{"line":22,"column":80},"end":{"line":22,"column":91}}]}},"s":{"0":0,"1":0,"2":0,"3":0,"4":0,"5":0,"6":0,"7":0,"8":0,"9":0,"10":0,"11":0,"12":0,"13":0,"14":0},"f":{"0":0,"1":0},"b":{"0":[0,0],"1":[0,0],"2":[0,0]}}
,"/workspaces/ts-exercise/api/src/middleware/logger.ts": {"path":"/workspaces/ts-exercise/api/src/middleware/logger.ts","statementMap":{"0":{"start":{"line":1,"column":0},"end":{"line":1,"column":40}},"1":{"start":{"line":4,"column":35},"end":{"line":25,"column":1}},"2":{"start":{"line":5,"column":19},"end":{"line":5,"column":51}},"3":{"start":{"line":6,"column":18},"end":{"line":6,"column":50}},"4":{"start":{"line":8,"column":2},"end":{"line":24,"column":5}},"5":{"start":{"line":4,"column":13},"end":{"line":4,"column":35}}},"fnMap":{"0":{"name":"(anonymous_1)","decl":{"start":{"line":4,"column":35},"end":{"line":4,"column":50}},"loc":{"start":{"line":4,"column":52},"end":{"line":25,"column":1}}}},"branchMap":{"0":{"loc":{"start":{"line":5,"column":19},"end":{"line":5,"column":51}},"type":"binary-expr","locations":[{"start":{"line":5,"column":19},"end":{"line":5,"column":40}},{"start":{"line":5,"column":44},"end":{"line":5,"column":51}}]},"1":{"loc":{"start":{"line":6,"column":18},"end":{"line":6,"column":50}},"type":"binary-expr","locations":[{"start":{"line":6,"column":18},"end":{"line":6,"column":38}},{"start":{"line":6,"column":42},"end":{"line":6,"column":50}}]},"2":{"loc":{"start":{"line":12,"column":14},"end":{"line":12,"column":64}},"type":"cond-expr","locations":[{"start":{"line":12,"column":37},"end":{"line":12,"column":50}},{"start":{"line":12,"column":53},"end":{"line":12,"column":64}}]}},"s":{"0":0,"1":0,"2":0,"3":0,"4":0,"5":0},"f":{"0":0},"b":{"0":[0,0],"1":[0,0],"2":[0,0]}}
,"/workspaces/ts-exercise/api/src/routes/routes.ts": {"path":"/workspaces/ts-exercise/api/src/routes/routes.ts","statementMap":{"0":{"start":{"line":1,"column":0},"end":{"line":1,"column":32}},"1":{"start":{"line":2,"column":0},"end":{"line":2,"column":43}},"2":{"start":{"line":5,"column":0},"end":{"line":5,"column":53}},"3":{"start":{"line":7,"column":22},"end":{"line":20,"column":1}},"4":{"start":{"line":8,"column":17},"end":{"line":8,"column":60}},"5":{"start":{"line":9,"column":27},"end":{"line":9,"column":35}},"6":{"start":{"line":10,"column":2},"end":{"line":10,"column":49}},"7":{"start":{"line":12,"column":27},"end":{"line":12,"column":45}},"8":{"start":{"line":13,"column":2},"end":{"line":13,"column":54}},"9":{"start":{"line":14,"column":2},"end":{"line":14,"column":68}},"10":{"start":{"line":15,"column":2},"end":{"line":15,"column":54}},"11":{"start":{"line":16,"column":2},"end":{"line":16,"column":71}},"12":{"start":{"line":17,"column":2},"end":{"line":17,"column":71}},"13":{"start":{"line":19,"column":2},"end":{"line":19,"column":16}},"14":{"start":{"line":7,"column":13},"end":{"line":7,"column":22}}},"fnMap":{"0":{"name":"(anonymous_1)","decl":{"start":{"line":7,"column":22},"end":{"line":7,"column":25}},"loc":{"start":{"line":7,"column":27},"end":{"line":20,"column":1}}}},"branchMap":{},"s":{"0":0,"1":0,"2":0,"3":0,"4":0,"5":0,"6":0,"7":0,"8":0,"9":0,"10":0,"11":0,"12":0,"13":0,"14":0},"f":{"0":0},"b":{}}
}
